<?xml version="1.0" encoding="UTF-8"?>
<!-- Generated by org.testng.reporters.JUnitXMLReporter -->
<testsuite ignored="0" hostname="DESKTOP-M82P6OL" failures="2" tests="6" name="Test" time="84.514" errors="0" timestamp="2024-09-04T18:07:17 IST">
  <testcase classname="testCases.TC002_LoginTest" name="verify_account_login" time="5.126"/>
  <testcase classname="testCases.TC003_LoginTestDDT" name="verfiy_accout_login_ddt" time="6.282"/>
  <testcase classname="testCases.TC003_LoginTestDDT" name="verfiy_accout_login_ddt" time="2.851">
    <failure type="java.lang.AssertionError" message="Login failed, heading not matched due to invalid credentials expected [MY ACCOUNT] but found [ACCOUNT LOGIN]">
      <![CDATA[java.lang.AssertionError: Login failed, heading not matched due to invalid credentials expected [MY ACCOUNT] but found [ACCOUNT LOGIN]
at testCases.TC003_LoginTestDDT.verfiy_accout_login_ddt(TC003_LoginTestDDT.java:36)
at java.base/java.util.ArrayList.forEach(ArrayList.java:1596)
... Removed 30 stack frames]]>
    </failure>
  </testcase> <!-- verfiy_accout_login_ddt -->
  <testcase classname="testCases.TC003_LoginTestDDT" name="verfiy_accout_login_ddt" time="3.457">
    <failure type="java.lang.AssertionError" message="Login failed, heading not matched due to invalid credentials expected [MY ACCOUNT] but found [ACCOUNT LOGIN]">
      <![CDATA[java.lang.AssertionError: Login failed, heading not matched due to invalid credentials expected [MY ACCOUNT] but found [ACCOUNT LOGIN]
at testCases.TC003_LoginTestDDT.verfiy_accout_login_ddt(TC003_LoginTestDDT.java:36)
at java.base/java.util.ArrayList.forEach(ArrayList.java:1596)
... Removed 30 stack frames]]>
    </failure>
  </testcase> <!-- verfiy_accout_login_ddt -->
  <testcase classname="testCases.TC003_LoginTestDDT" name="verfiy_accout_login_ddt" time="5.146"/>
  <testcase classname="testCases.TC003_LoginTestDDT" name="verfiy_accout_login_ddt" time="4.452"/>
</testsuite> <!-- Test -->
