<?xml version="1.0" encoding="UTF-8"?>
<testng-results ignored="0" total="1" passed="1" failed="0" skipped="0">
  <reporter-output>
  </reporter-output>
  <suite started-at="2024-09-05T11:47:48 IST" name=" Master Suite" finished-at="2024-09-05T11:48:15 IST" duration-ms="26847">
    <groups>
      <group name="Master">
        <method signature="TC002_LoginTest.verify_account_login()[pri:0, instance:testCases.TC002_LoginTest@4bc28c33]" name="verify_account_login" class="testCases.TC002_LoginTest"/>
      </group> <!-- Master -->
      <group name="Regression">
        <method signature="TC002_LoginTest.verify_account_login()[pri:0, instance:testCases.TC002_LoginTest@4bc28c33]" name="verify_account_login" class="testCases.TC002_LoginTest"/>
      </group> <!-- Regression -->
    </groups>
    <test started-at="2024-09-05T11:47:48 IST" name="Test" finished-at="2024-09-05T11:48:15 IST" duration-ms="26847">
      <class name="testCases.TC002_LoginTest">
        <test-method is-config="true" signature="setUp(java.lang.String,java.lang.String)[pri:0, instance:testCases.TC002_LoginTest@4bc28c33]" started-at="2024-09-05T11:47:50 IST" name="setUp" finished-at="2024-09-05T11:48:11 IST" duration-ms="20519" status="PASS">
          <params>
            <param index="0">
              <value>
                <![CDATA[Windows]]>
              </value>
            </param>
            <param index="1">
              <value>
                <![CDATA[chrome]]>
              </value>
            </param>
          </params>
          <reporter-output>
          </reporter-output>
        </test-method> <!-- setUp -->
        <test-method signature="verify_account_login()[pri:0, instance:testCases.TC002_LoginTest@4bc28c33]" started-at="2024-09-05T11:48:11 IST" name="verify_account_login" finished-at="2024-09-05T11:48:14 IST" duration-ms="3216" status="PASS">
          <reporter-output>
          </reporter-output>
        </test-method> <!-- verify_account_login -->
        <test-method is-config="true" signature="tearDown()[pri:0, instance:testCases.TC002_LoginTest@4bc28c33]" started-at="2024-09-05T11:48:14 IST" name="tearDown" finished-at="2024-09-05T11:48:15 IST" duration-ms="891" status="PASS">
          <reporter-output>
          </reporter-output>
        </test-method> <!-- tearDown -->
      </class> <!-- testCases.TC002_LoginTest -->
    </test> <!-- Test -->
  </suite> <!--  Master Suite -->
</testng-results>
